<?xml version="1.0" encoding="UTF-8"?>
<!-- Generated by org.testng.reporters.JUnitXMLReporter -->
<testsuite ignored="0" hostname="LAPTOP-T7CG9SLJ" failures="0" tests="3" name="Default test" time="4.213" errors="0" timestamp="2024-02-12T19:12:45 IST">
  <testcase classname="files.dynamicJson" name="addBook" time="3.353"/>
  <testcase classname="files.dynamicJson" name="addBook" time="0.465"/>
  <testcase classname="files.dynamicJson" name="addBook" time="0.307"/>
</testsuite> <!-- Default test -->
