<?xml version="1.0" encoding="UTF-8"?>
<testng-results ignored="0" total="3" passed="3" failed="0" skipped="0">
  <reporter-output>
  </reporter-output>
  <suite started-at="2024-02-12T19:12:41 IST" name="Default suite" finished-at="2024-02-12T19:12:45 IST" duration-ms="4213">
    <groups>
    </groups>
    <test started-at="2024-02-12T19:12:41 IST" name="Default test" finished-at="2024-02-12T19:12:45 IST" duration-ms="4213">
      <class name="files.dynamicJson">
        <test-method signature="addBook(java.lang.String,java.lang.String)[pri:1, instance:files.dynamicJson@b9b00e0]" started-at="2024-02-12T19:12:41 IST" name="addBook" data-provider="BooksData" finished-at="2024-02-12T19:12:44 IST" duration-ms="3353" status="PASS">
          <params>
            <param index="0">
              <value>
                <![CDATA[211osjft]]>
              </value>
            </param>
            <param index="1">
              <value>
                <![CDATA[211123]]>
              </value>
            </param>
          </params>
          <reporter-output>
          </reporter-output>
        </test-method> <!-- addBook -->
        <test-method signature="addBook(java.lang.String,java.lang.String)[pri:1, instance:files.dynamicJson@b9b00e0]" started-at="2024-02-12T19:12:44 IST" name="addBook" data-provider="BooksData" finished-at="2024-02-12T19:12:44 IST" duration-ms="465" status="PASS">
          <params>
            <param index="0">
              <value>
                <![CDATA[211asdf]]>
              </value>
            </param>
            <param index="1">
              <value>
                <![CDATA[211234]]>
              </value>
            </param>
          </params>
          <reporter-output>
          </reporter-output>
        </test-method> <!-- addBook -->
        <test-method signature="addBook(java.lang.String,java.lang.String)[pri:1, instance:files.dynamicJson@b9b00e0]" started-at="2024-02-12T19:12:45 IST" name="addBook" data-provider="BooksData" finished-at="2024-02-12T19:12:45 IST" duration-ms="307" status="PASS">
          <params>
            <param index="0">
              <value>
                <![CDATA[121qwer]]>
              </value>
            </param>
            <param index="1">
              <value>
                <![CDATA[211345]]>
              </value>
            </param>
          </params>
          <reporter-output>
          </reporter-output>
        </test-method> <!-- addBook -->
      </class> <!-- files.dynamicJson -->
    </test> <!-- Default test -->
  </suite> <!-- Default suite -->
</testng-results>
